c:\users\jin\source\repos\string parse\string parse\debug\vc142.pdb
c:\users\jin\source\repos\string parse\string parse\debug\vc142.idb
c:\users\jin\source\repos\string parse\string parse\debug\string parse.obj
c:\users\jin\source\repos\string parse\string parse\debug\complexmathmethod.obj
c:\users\jin\source\repos\string parse\string parse\debug\string parse.obj.enc
c:\users\jin\source\repos\string parse\debug\string parse.pdb
c:\users\jin\source\repos\string parse\string parse\debug\string parse.tlog\cl.command.1.tlog
c:\users\jin\source\repos\string parse\string parse\debug\string parse.tlog\cl.read.1.tlog
c:\users\jin\source\repos\string parse\string parse\debug\string parse.tlog\cl.write.1.tlog
c:\users\jin\source\repos\string parse\string parse\debug\string parse.tlog\link-cvtres.read.1.tlog
c:\users\jin\source\repos\string parse\string parse\debug\string parse.tlog\link-cvtres.write.1.tlog
c:\users\jin\source\repos\string parse\string parse\debug\string parse.tlog\link-rc.read.1.tlog
c:\users\jin\source\repos\string parse\string parse\debug\string parse.tlog\link-rc.write.1.tlog
c:\users\jin\source\repos\string parse\string parse\debug\string parse.tlog\link.23748-cvtres.read.1.tlog
c:\users\jin\source\repos\string parse\string parse\debug\string parse.tlog\link.23748-cvtres.write.1.tlog
c:\users\jin\source\repos\string parse\string parse\debug\string parse.tlog\link.23748-rc.read.1.tlog
c:\users\jin\source\repos\string parse\string parse\debug\string parse.tlog\link.23748-rc.write.1.tlog
c:\users\jin\source\repos\string parse\string parse\debug\string parse.tlog\link.23748.read.1.tlog
c:\users\jin\source\repos\string parse\string parse\debug\string parse.tlog\link.23748.write.1.tlog
c:\users\jin\source\repos\string parse\string parse\debug\string parse.tlog\link.command.1.tlog
c:\users\jin\source\repos\string parse\string parse\debug\string parse.tlog\link.read.1.tlog
c:\users\jin\source\repos\string parse\string parse\debug\string parse.tlog\link.write.1.tlog
